#
# There is insufficient memory for the Java Runtime Environment to continue.
# Native memory allocation (mmap) failed to map 9437184 bytes for G1 virtual space
# Possible reasons:
#   The system is out of physical RAM or swap space
#   The process is running with CompressedOops enabled, and the Java Heap may be blocking the growth of the native heap
# Possible solutions:
#   Reduce memory load on the system
#   Increase physical memory or swap space
#   Check if swap backing store is full
#   Decrease Java heap size (-Xmx/-Xms)
#   Decrease number of Java threads
#   Decrease Java thread stack sizes (-Xss)
#   Set larger code cache with -XX:ReservedCodeCacheSize=
#   JVM is running with Unscaled Compressed Oops mode in which the Java heap is
#     placed in the first 4GB address space. The Java Heap base address is the
#     maximum limit for the native heap growth. Please use -XX:HeapBaseMinAddress
#     to set the Java Heap base and to place the Java Heap above 4GB virtual address.
# This output file may be truncated or incomplete.
#
#  Out of Memory Error (os_windows.cpp:3559), pid=2376, tid=17908
#
# JRE version: OpenJDK Runtime Environment Temurin-17.0.7+7 (17.0.7+7) (build 17.0.7+7)
# Java VM: OpenJDK 64-Bit Server VM Temurin-17.0.7+7 (17.0.7+7, mixed mode, emulated-client, tiered, compressed oops, compressed class ptrs, g1 gc, windows-amd64)
# No core dump will be written. Minidumps are not enabled by default on client versions of Windows
#

---------------  S U M M A R Y ------------

Command Line: -Dcom.sun.management.jmxremote -Dcom.sun.management.jmxremote.port=55574 -Dcom.sun.management.jmxremote.authenticate=false -Dcom.sun.management.jmxremote.ssl=false -Djava.rmi.server.hostname=localhost -Dspring.jmx.enabled=true -Dmanagement.endpoints.jmx.exposure.include=* -Dspring.application.admin.enabled=true -XX:TieredStopAtLevel=1 -Dspring.boot.project.name=TestImageSeach -Dfile.encoding=UTF-8 -XX:+ShowCodeDetailsInExceptionMessages com.testimagesearch.demo.TestImageSearchApplication --spring.output.ansi.enabled=always

Host: Intel(R) Core(TM) i5-10210U CPU @ 1.60GHz, 8 cores, 7G,  Windows 11 , 64 bit Build 22621 (10.0.22621.2506)
Time: Mon Dec 18 19:41:41 2023 SE Asia Standard Time elapsed time: 6.149572 seconds (0d 0h 0m 6s)

---------------  T H R E A D  ---------------

Current thread (0x000001db60db4040):  VMThread "VM Thread" [stack: 0x000000a4d6700000,0x000000a4d6800000] [id=17908]

Stack: [0x000000a4d6700000,0x000000a4d6800000]
Native frames: (J=compiled Java code, j=interpreted, Vv=VM code, C=native code)
V  [jvm.dll+0x67754a]
V  [jvm.dll+0x834304]
V  [jvm.dll+0x835aae]
V  [jvm.dll+0x836113]
V  [jvm.dll+0x24696f]
V  [jvm.dll+0x6743f9]
V  [jvm.dll+0x668c8a]
V  [jvm.dll+0x3061bb]
V  [jvm.dll+0x30d6a6]
V  [jvm.dll+0x35cece]
V  [jvm.dll+0x35d0ff]
V  [jvm.dll+0x2dd048]
V  [jvm.dll+0x2db20c]
V  [jvm.dll+0x2da7dc]
V  [jvm.dll+0x31e6db]
V  [jvm.dll+0x83a5bb]
V  [jvm.dll+0x83b2f4]
V  [jvm.dll+0x83b80c]
V  [jvm.dll+0x83bbe4]
V  [jvm.dll+0x83bcb0]
V  [jvm.dll+0x7e4e7a]
V  [jvm.dll+0x676395]
C  [ucrtbase.dll+0x29363]
C  [KERNEL32.DLL+0x1257d]
C  [ntdll.dll+0x5aa58]

VM_Operation (0x000000a4d61fcfb0): G1CollectForAllocation, mode: safepoint, requested by thread 0x000001db52fe5c30


---------------  P R O C E S S  ---------------

Threads class SMR info:
_java_thread_list=0x000001db66eb5550, length=27, elements={
0x000001db52fe5c30, 0x000001db65025010, 0x000001db65025e80, 0x000001db60dd6b10,
0x000001db60dd7980, 0x000001db60dda350, 0x000001db60ddad00, 0x000001db650402a0,
0x000001db650408a0, 0x000001db650a1030, 0x000001db650a1500, 0x000001db65207db0,
0x000001db65742670, 0x000001db65746ac0, 0x000001db65847ee0, 0x000001db65866160,
0x000001db658a4e00, 0x000001db658ba9a0, 0x000001db658be630, 0x000001db66092090,
0x000001db653bc620, 0x000001db65b9a0f0, 0x000001db65b975a0, 0x000001db65b9a5c0,
0x000001db65b96c00, 0x000001db65b970d0, 0x000001db65b97a70
}

Java Threads: ( => current thread )
  0x000001db52fe5c30 JavaThread "main" [_thread_blocked, id=780, stack(0x000000a4d6100000,0x000000a4d6200000)]
  0x000001db65025010 JavaThread "Reference Handler" daemon [_thread_blocked, id=9876, stack(0x000000a4d6800000,0x000000a4d6900000)]
  0x000001db65025e80 JavaThread "Finalizer" daemon [_thread_blocked, id=2144, stack(0x000000a4d6900000,0x000000a4d6a00000)]
  0x000001db60dd6b10 JavaThread "Signal Dispatcher" daemon [_thread_blocked, id=5684, stack(0x000000a4d6a00000,0x000000a4d6b00000)]
  0x000001db60dd7980 JavaThread "Attach Listener" daemon [_thread_blocked, id=9196, stack(0x000000a4d6b00000,0x000000a4d6c00000)]
  0x000001db60dda350 JavaThread "Service Thread" daemon [_thread_blocked, id=6280, stack(0x000000a4d6c00000,0x000000a4d6d00000)]
  0x000001db60ddad00 JavaThread "Monitor Deflation Thread" daemon [_thread_blocked, id=21976, stack(0x000000a4d6d00000,0x000000a4d6e00000)]
  0x000001db650402a0 JavaThread "C1 CompilerThread0" daemon [_thread_blocked, id=1844, stack(0x000000a4d6e00000,0x000000a4d6f00000)]
  0x000001db650408a0 JavaThread "Sweeper thread" daemon [_thread_blocked, id=9816, stack(0x000000a4d6f00000,0x000000a4d7000000)]
  0x000001db650a1030 JavaThread "Common-Cleaner" daemon [_thread_blocked, id=26944, stack(0x000000a4d7000000,0x000000a4d7100000)]
  0x000001db650a1500 JavaThread "C1 CompilerThread1" daemon [_thread_blocked, id=11376, stack(0x000000a4d7100000,0x000000a4d7200000)]
  0x000001db65207db0 JavaThread "Notification Thread" daemon [_thread_blocked, id=1228, stack(0x000000a4d7200000,0x000000a4d7300000)]
  0x000001db65742670 JavaThread "RMI TCP Accept-0" daemon [_thread_in_native, id=9272, stack(0x000000a4d7300000,0x000000a4d7400000)]
  0x000001db65746ac0 JavaThread "RMI TCP Accept-55574" daemon [_thread_in_native, id=2568, stack(0x000000a4d7400000,0x000000a4d7500000)]
  0x000001db65847ee0 JavaThread "RMI TCP Accept-0" daemon [_thread_in_native, id=16128, stack(0x000000a4d7500000,0x000000a4d7600000)]
  0x000001db65866160 JavaThread "RMI TCP Connection(1)-127.0.0.1" daemon [_thread_in_native, id=13544, stack(0x000000a4d7700000,0x000000a4d7800000)]
  0x000001db658a4e00 JavaThread "RMI Scheduler(0)" daemon [_thread_blocked, id=4244, stack(0x000000a4d7800000,0x000000a4d7900000)]
  0x000001db658ba9a0 JavaThread "RMI TCP Connection(2)-127.0.0.1" daemon [_thread_in_native, id=24592, stack(0x000000a4d7900000,0x000000a4d7a00000)]
  0x000001db658be630 JavaThread "JMX server connection timeout 22" daemon [_thread_blocked, id=2908, stack(0x000000a4d7a00000,0x000000a4d7b00000)]
  0x000001db66092090 JavaThread "C1 CompilerThread2" daemon [_thread_blocked, id=5388, stack(0x000000a4d8300000,0x000000a4d8400000)]
  0x000001db653bc620 JavaThread "C1 CompilerThread3" daemon [_thread_blocked, id=13584, stack(0x000000a4d8400000,0x000000a4d8500000)]
  0x000001db65b9a0f0 JavaThread "Catalina-utility-1" [_thread_blocked, id=16796, stack(0x000000a4d8500000,0x000000a4d8600000)]
  0x000001db65b975a0 JavaThread "Catalina-utility-2" [_thread_blocked, id=1056, stack(0x000000a4d8800000,0x000000a4d8900000)]
  0x000001db65b9a5c0 JavaThread "container-0" [_thread_blocked, id=4700, stack(0x000000a4d8900000,0x000000a4d8a00000)]
  0x000001db65b96c00 JavaThread "mysql-cj-abandoned-connection-cleanup" daemon [_thread_blocked, id=22972, stack(0x000000a4d8a00000,0x000000a4d8b00000)]
  0x000001db65b970d0 JavaThread "HikariPool-1 housekeeper" daemon [_thread_blocked, id=21784, stack(0x000000a4d8c00000,0x000000a4d8d00000)]
  0x000001db65b97a70 JavaThread "HikariPool-1 connection adder" daemon [_thread_blocked, id=11784, stack(0x000000a4d8d00000,0x000000a4d8e00000)]

Other Threads:
=>0x000001db60db4040 VMThread "VM Thread" [stack: 0x000000a4d6700000,0x000000a4d6800000] [id=17908]
  0x000001db5305fd70 WatcherThread [stack: 0x000000a4d7600000,0x000000a4d7700000] [id=23200]
  0x000001db53042330 GCTaskThread "GC Thread#0" [stack: 0x000000a4d6200000,0x000000a4d6300000] [id=26764]
  0x000001db65ba2910 GCTaskThread "GC Thread#1" [stack: 0x000000a4d7b00000,0x000000a4d7c00000] [id=10348]
  0x000001db65ba2fd0 GCTaskThread "GC Thread#2" [stack: 0x000000a4d7c00000,0x000000a4d7d00000] [id=23556]
  0x000001db65be8d30 GCTaskThread "GC Thread#3" [stack: 0x000000a4d7d00000,0x000000a4d7e00000] [id=20360]
  0x000001db65be93f0 GCTaskThread "GC Thread#4" [stack: 0x000000a4d7e00000,0x000000a4d7f00000] [id=4796]
  0x000001db65bf56c0 GCTaskThread "GC Thread#5" [stack: 0x000000a4d7f00000,0x000000a4d8000000] [id=24188]
  0x000001db65bf5970 GCTaskThread "GC Thread#6" [stack: 0x000000a4d8000000,0x000000a4d8100000] [id=18144]
  0x000001db6620df40 GCTaskThread "GC Thread#7" [stack: 0x000000a4d8600000,0x000000a4d8700000] [id=7716]
  0x000001db53053550 ConcurrentGCThread "G1 Main Marker" [stack: 0x000000a4d6300000,0x000000a4d6400000] [id=488]
  0x000001db53053f60 ConcurrentGCThread "G1 Conc#0" [stack: 0x000000a4d6400000,0x000000a4d6500000] [id=19792]
  0x000001db6629cd00 ConcurrentGCThread "G1 Conc#1" [stack: 0x000000a4d8700000,0x000000a4d8800000] [id=10160]
  0x000001db60c244e0 ConcurrentGCThread "G1 Refine#0" [stack: 0x000000a4d6500000,0x000000a4d6600000] [id=12676]
  0x000001db65ba3280 ConcurrentGCThread "G1 Refine#1" [stack: 0x000000a4d8100000,0x000000a4d8200000] [id=25064]
  0x000001db65bd32d0 ConcurrentGCThread "G1 Refine#2" [stack: 0x000000a4d8200000,0x000000a4d8300000] [id=5444]
  0x000001db53098c50 ConcurrentGCThread "G1 Service" [stack: 0x000000a4d6600000,0x000000a4d6700000] [id=13520]

Threads with active compile tasks:

VM state: at safepoint (normal execution)

VM Mutex/Monitor currently owned by a thread:  ([mutex/lock_event])
[0x000001db52fdf160] Threads_lock - owner thread: 0x000001db60db4040
[0x000001db52fe0c60] Heap_lock - owner thread: 0x000001db52fe5c30

Heap address: 0x0000000082600000, size: 2010 MB, Compressed Oops mode: 32-bit

CDS archive(s) not mapped
Compressed class space mapped at: 0x0000000100000000-0x0000000140000000, reserved size: 1073741824
Narrow klass base: 0x0000000000000000, Narrow klass shift: 3, Narrow klass range: 0x140000000

GC Precious Log:
 CPUs: 8 total, 8 available
 Memory: 8039M
 Large Page Support: Disabled
 NUMA Support: Disabled
 Compressed Oops: Enabled (32-bit)
 Heap Region Size: 1M
 Heap Min Capacity: 8M
 Heap Initial Capacity: 126M
 Heap Max Capacity: 2010M
 Pre-touch: Disabled
 Parallel Workers: 8
 Concurrent Workers: 2
 Concurrent Refinement Workers: 8
 Periodic GC: Disabled

Heap:
 garbage-first heap   total 41984K, used 22939K [0x0000000082600000, 0x0000000100000000)
  region size 1024K, 2 young (2048K), 2 survivors (2048K)
 Metaspace       used 63094K, committed 63616K, reserved 1114112K
  class space    used 8522K, committed 8768K, reserved 1048576K

Heap Regions: E=young(eden), S=young(survivor), O=old, HS=humongous(starts), HC=humongous(continues), CS=collection set, F=free, OA=open archive, CA=closed archive, TAMS=top-at-mark-start (previous, next)
|   0|0x0000000082600000, 0x0000000082700000, 0x0000000082700000|100%|HS|  |TAMS 0x0000000082700000, 0x0000000082600000| Complete 
|   1|0x0000000082700000, 0x0000000082800000, 0x0000000082800000|100%| O|  |TAMS 0x0000000082800000, 0x0000000082700000| Untracked 
|   2|0x0000000082800000, 0x0000000082900000, 0x0000000082900000|100%| O|  |TAMS 0x0000000082900000, 0x0000000082800000| Untracked 
|   3|0x0000000082900000, 0x0000000082a00000, 0x0000000082a00000|100%| O|  |TAMS 0x0000000082a00000, 0x0000000082900000| Untracked 
|   4|0x0000000082a00000, 0x0000000082b00000, 0x0000000082b00000|100%| O|  |TAMS 0x0000000082b00000, 0x0000000082a00000| Untracked 
|   5|0x0000000082b00000, 0x0000000082c00000, 0x0000000082c00000|100%| O|  |TAMS 0x0000000082c00000, 0x0000000082b00000| Untracked 
|   6|0x0000000082c00000, 0x0000000082d00000, 0x0000000082d00000|100%| O|  |TAMS 0x0000000082d00000, 0x0000000082c00000| Untracked 
|   7|0x0000000082d00000, 0x0000000082e00000, 0x0000000082e00000|100%| O|  |TAMS 0x0000000082e00000, 0x0000000082d00000| Untracked 
|   8|0x0000000082e00000, 0x0000000082f00000, 0x0000000082f00000|100%| O|  |TAMS 0x0000000082f00000, 0x0000000082e00000| Untracked 
|   9|0x0000000082f00000, 0x0000000083000000, 0x0000000083000000|100%| O|  |TAMS 0x0000000083000000, 0x0000000082f00000| Untracked 
|  10|0x0000000083000000, 0x0000000083100000, 0x0000000083100000|100%| O|  |TAMS 0x0000000083100000, 0x0000000083000000| Untracked 
|  11|0x0000000083100000, 0x0000000083100000, 0x0000000083200000|  0%| F|  |TAMS 0x0000000083100000, 0x0000000083100000| Untracked 
|  12|0x0000000083200000, 0x0000000083300000, 0x0000000083300000|100%| O|  |TAMS 0x0000000083300000, 0x0000000083200000| Untracked 
|  13|0x0000000083300000, 0x0000000083400000, 0x0000000083400000|100%| O|  |TAMS 0x0000000083400000, 0x0000000083300000| Untracked 
|  14|0x0000000083400000, 0x0000000083500000, 0x0000000083500000|100%| O|  |TAMS 0x0000000083500000, 0x0000000083400000| Untracked 
|  15|0x0000000083500000, 0x0000000083600000, 0x0000000083600000|100%| O|  |TAMS 0x0000000083600000, 0x0000000083500000| Untracked 
|  16|0x0000000083600000, 0x0000000083700000, 0x0000000083700000|100%| O|  |TAMS 0x0000000083700000, 0x0000000083600000| Untracked 
|  17|0x0000000083700000, 0x0000000083800000, 0x0000000083800000|100%| O|  |TAMS 0x0000000083800000, 0x0000000083700000| Untracked 
|  18|0x0000000083800000, 0x0000000083900000, 0x0000000083900000|100%| O|  |TAMS 0x0000000083900000, 0x0000000083800000| Untracked 
|  19|0x0000000083900000, 0x0000000083a00000, 0x0000000083a00000|100%| O|  |TAMS 0x0000000083a00000, 0x0000000083900000| Untracked 
|  20|0x0000000083a00000, 0x0000000083b00000, 0x0000000083b00000|100%| O|  |TAMS 0x0000000083b00000, 0x0000000083a00000| Untracked 
|  21|0x0000000083b00000, 0x0000000083c00000, 0x0000000083c00000|100%| O|  |TAMS 0x0000000083c00000, 0x0000000083b00000| Untracked 
|  22|0x0000000083c00000, 0x0000000083c2a800, 0x0000000083d00000| 16%| O|  |TAMS 0x0000000083c2a800, 0x0000000083c00000| Untracked 
|  23|0x0000000083d00000, 0x0000000083d00000, 0x0000000083e00000|  0%| F|  |TAMS 0x0000000083d00000, 0x0000000083d00000| Untracked 
|  24|0x0000000083e00000, 0x0000000083e00000, 0x0000000083f00000|  0%| F|  |TAMS 0x0000000083e00000, 0x0000000083e00000| Untracked 
|  25|0x0000000083f00000, 0x0000000083f00000, 0x0000000084000000|  0%| F|  |TAMS 0x0000000083f00000, 0x0000000083f00000| Untracked 
|  26|0x0000000084000000, 0x0000000084000000, 0x0000000084100000|  0%| F|  |TAMS 0x0000000084000000, 0x0000000084000000| Untracked 
|  27|0x0000000084100000, 0x0000000084100000, 0x0000000084200000|  0%| F|  |TAMS 0x0000000084100000, 0x0000000084100000| Untracked 
|  28|0x0000000084200000, 0x000000008423c480, 0x0000000084300000| 23%| S|CS|TAMS 0x0000000084200000, 0x0000000084200000| Complete 
|  29|0x0000000084300000, 0x0000000084300000, 0x0000000084400000|  0%| F|  |TAMS 0x0000000084300000, 0x0000000084300000| Untracked 
|  30|0x0000000084400000, 0x0000000084500000, 0x0000000084500000|100%| S|CS|TAMS 0x0000000084400000, 0x0000000084400000| Complete 
|  31|0x0000000084500000, 0x0000000084500000, 0x0000000084600000|  0%| F|  |TAMS 0x0000000084500000, 0x0000000084500000| Untracked 
|  32|0x0000000084600000, 0x0000000084600000, 0x0000000084700000|  0%| F|  |TAMS 0x0000000084600000, 0x0000000084600000| Untracked 
|  33|0x0000000084700000, 0x0000000084700000, 0x0000000084800000|  0%| F|  |TAMS 0x0000000084700000, 0x0000000084700000| Untracked 
|  34|0x0000000084800000, 0x0000000084800000, 0x0000000084900000|  0%| F|  |TAMS 0x0000000084800000, 0x0000000084800000| Untracked 
|  35|0x0000000084900000, 0x0000000084900000, 0x0000000084a00000|  0%| F|  |TAMS 0x0000000084900000, 0x0000000084900000| Untracked 
|  36|0x0000000084a00000, 0x0000000084a00000, 0x0000000084b00000|  0%| F|  |TAMS 0x0000000084a00000, 0x0000000084a00000| Untracked 
|  37|0x0000000084b00000, 0x0000000084b00000, 0x0000000084c00000|  0%| F|  |TAMS 0x0000000084b00000, 0x0000000084b00000| Untracked 
| 123|0x000000008a100000, 0x000000008a100000, 0x000000008a200000|  0%| F|  |TAMS 0x000000008a100000, 0x000000008a100000| Untracked 
| 124|0x000000008a200000, 0x000000008a200000, 0x000000008a300000|  0%| F|  |TAMS 0x000000008a200000, 0x000000008a200000| Untracked 
| 125|0x000000008a300000, 0x000000008a300000, 0x000000008a400000|  0%| F|  |TAMS 0x000000008a300000, 0x000000008a300000| Untracked 

Card table byte_map: [0x000001db59ca0000,0x000001db5a090000] _byte_map_base: 0x000001db5988d000

Marking Bits (Prev, Next): (CMBitMap*) 0x000001db53042940, (CMBitMap*) 0x000001db53042980
 Prev Bits: [0x000001db5a480000, 0x000001db5c3e8000)
 Next Bits: [0x000001db5c3f0000, 0x000001db5e358000)

Polling page: 0x000001db527a0000

Metaspace:

Usage:
  Non-class:     53.29 MB used.
      Class:      8.32 MB used.
       Both:     61.62 MB used.

Virtual space:
  Non-class space:       64.00 MB reserved,      53.56 MB ( 84%) committed,  1 nodes.
      Class space:        1.00 GB reserved,       8.56 MB ( <1%) committed,  1 nodes.
             Both:        1.06 GB reserved,      62.12 MB (  6%) committed. 

Chunk freelists:
   Non-Class:  9.66 MB
       Class:  7.45 MB
        Both:  17.11 MB

MaxMetaspaceSize: unlimited
CompressedClassSpaceSize: 1.00 GB
Initial GC threshold: 21.00 MB
Current GC threshold: 100.62 MB
CDS: off
MetaspaceReclaimPolicy: balanced
 - commit_granule_bytes: 65536.
 - commit_granule_words: 8192.
 - virtual_space_node_default_size: 8388608.
 - enlarge_chunks_in_place: 1.
 - new_chunks_are_fully_committed: 0.
 - uncommit_free_chunks: 1.
 - use_allocation_guard: 0.
 - handle_deallocations: 1.


Internal statistics:

num_allocs_failed_limit: 6.
num_arena_births: 694.
num_arena_deaths: 0.
num_vsnodes_births: 2.
num_vsnodes_deaths: 0.
num_space_committed: 994.
num_space_uncommitted: 0.
num_chunks_returned_to_freelist: 6.
num_chunks_taken_from_freelist: 2603.
num_chunk_merges: 6.
num_chunk_splits: 1837.
num_chunks_enlarged: 1394.
num_inconsistent_stats: 0.

CodeCache: size=49152Kb used=9941Kb max_used=9941Kb free=39210Kb
 bounds [0x000001db56690000, 0x000001db57050000, 0x000001db59690000]
 total_blobs=5210 nmethods=4552 adapters=582
 compilation: enabled
              stopped_count=0, restarted_count=0
 full_count=0

Compilation events (20 events):
Event: 6.114 Thread 0x000001db650402a0 4543       1       java.util.ArrayList::add (65 bytes)
Event: 6.115 Thread 0x000001db650402a0 nmethod 4543 0x000001db57040010 code [0x000001db570401e0, 0x000001db57040598]
Event: 6.118 Thread 0x000001db650402a0 4544       1       org.springframework.util.ReflectionUtils::isCglibRenamedMethod (81 bytes)
Event: 6.120 Thread 0x000001db650402a0 nmethod 4544 0x000001db57040790 code [0x000001db570409a0, 0x000001db57040ec8]
Event: 6.120 Thread 0x000001db650402a0 4545       1       org.springframework.core.convert.TypeDescriptor::hashCode (8 bytes)
Event: 6.120 Thread 0x000001db650402a0 nmethod 4545 0x000001db57041290 code [0x000001db57041420, 0x000001db57041508]
Event: 6.120 Thread 0x000001db650402a0 4546       1       java.lang.invoke.LambdaFormEditor$TransformKey::of (51 bytes)
Event: 6.120 Thread 0x000001db650a1500 4547       1       java.lang.invoke.LambdaFormEditor$TransformKey::packedBytes (39 bytes)
Event: 6.121 Thread 0x000001db650a1500 nmethod 4547 0x000001db57041610 code [0x000001db570417a0, 0x000001db57041858]
Event: 6.121 Thread 0x000001db650402a0 nmethod 4546 0x000001db57041910 code [0x000001db57041ae0, 0x000001db57041e48]
Event: 6.121 Thread 0x000001db650402a0 4548       1       jdk.internal.util.ArraysSupport::mismatch (73 bytes)
Event: 6.121 Thread 0x000001db650402a0 nmethod 4548 0x000001db57041f90 code [0x000001db57042140, 0x000001db570423b8]
Event: 6.134 Thread 0x000001db650402a0 4549       1       java.lang.reflect.ProxyGenerator::generateClassFile (281 bytes)
Event: 6.135 Thread 0x000001db650402a0 nmethod 4549 0x000001db57042590 code [0x000001db57042940, 0x000001db57043408]
Event: 6.136 Thread 0x000001db650402a0 4550       1       java.lang.reflect.ProxyGenerator::generateStaticInitializer (342 bytes)
Event: 6.137 Thread 0x000001db650402a0 nmethod 4550 0x000001db57043b10 code [0x000001db57043ea0, 0x000001db570448e8]
Event: 6.144 Thread 0x000001db650402a0 4551       1       org.springframework.core.ResolvableType::forMethodParameter (9 bytes)
Event: 6.144 Thread 0x000001db66092090 4552       1       org.springframework.core.ResolvableType::forMethodParameter (17 bytes)
Event: 6.144 Thread 0x000001db66092090 nmethod 4552 0x000001db57044e90 code [0x000001db57045040, 0x000001db570451b8]
Event: 6.145 Thread 0x000001db650402a0 nmethod 4551 0x000001db57045310 code [0x000001db570454c0, 0x000001db57045638]

GC Heap History (20 events):
Event: 2.928 GC heap after
{Heap after GC invocations=9 (full 0):
 garbage-first heap   total 41984K, used 15414K [0x0000000082600000, 0x0000000100000000)
  region size 1024K, 3 young (3072K), 3 survivors (3072K)
 Metaspace       used 33912K, committed 34368K, reserved 1114112K
  class space    used 4267K, committed 4480K, reserved 1048576K
}
Event: 3.111 GC heap before
{Heap before GC invocations=9 (full 0):
 garbage-first heap   total 41984K, used 25654K [0x0000000082600000, 0x0000000100000000)
  region size 1024K, 14 young (14336K), 3 survivors (3072K)
 Metaspace       used 35687K, committed 36096K, reserved 1114112K
  class space    used 4505K, committed 4736K, reserved 1048576K
}
Event: 3.119 GC heap after
{Heap after GC invocations=10 (full 0):
 garbage-first heap   total 41984K, used 16718K [0x0000000082600000, 0x0000000100000000)
  region size 1024K, 2 young (2048K), 2 survivors (2048K)
 Metaspace       used 35687K, committed 36096K, reserved 1114112K
  class space    used 4505K, committed 4736K, reserved 1048576K
}
Event: 3.408 GC heap before
{Heap before GC invocations=11 (full 0):
 garbage-first heap   total 41984K, used 31054K [0x0000000082600000, 0x0000000100000000)
  region size 1024K, 16 young (16384K), 2 survivors (2048K)
 Metaspace       used 37945K, committed 38400K, reserved 1114112K
  class space    used 4811K, committed 5056K, reserved 1048576K
}
Event: 3.410 GC heap after
{Heap after GC invocations=12 (full 0):
 garbage-first heap   total 41984K, used 17179K [0x0000000082600000, 0x0000000100000000)
  region size 1024K, 2 young (2048K), 2 survivors (2048K)
 Metaspace       used 37945K, committed 38400K, reserved 1114112K
  class space    used 4811K, committed 5056K, reserved 1048576K
}
Event: 3.748 GC heap before
{Heap before GC invocations=12 (full 0):
 garbage-first heap   total 41984K, used 31515K [0x0000000082600000, 0x0000000100000000)
  region size 1024K, 16 young (16384K), 2 survivors (2048K)
 Metaspace       used 41627K, committed 42048K, reserved 1114112K
  class space    used 5381K, committed 5568K, reserved 1048576K
}
Event: 3.751 GC heap after
{Heap after GC invocations=13 (full 0):
 garbage-first heap   total 41984K, used 17982K [0x0000000082600000, 0x0000000100000000)
  region size 1024K, 2 young (2048K), 2 survivors (2048K)
 Metaspace       used 41627K, committed 42048K, reserved 1114112K
  class space    used 5381K, committed 5568K, reserved 1048576K
}
Event: 4.070 GC heap before
{Heap before GC invocations=13 (full 0):
 garbage-first heap   total 41984K, used 31294K [0x0000000082600000, 0x0000000100000000)
  region size 1024K, 16 young (16384K), 2 survivors (2048K)
 Metaspace       used 45882K, committed 46400K, reserved 1114112K
  class space    used 5943K, committed 6208K, reserved 1048576K
}
Event: 4.073 GC heap after
{Heap after GC invocations=14 (full 0):
 garbage-first heap   total 41984K, used 19327K [0x0000000082600000, 0x0000000100000000)
  region size 1024K, 2 young (2048K), 2 survivors (2048K)
 Metaspace       used 45882K, committed 46400K, reserved 1114112K
  class space    used 5943K, committed 6208K, reserved 1048576K
}
Event: 4.759 GC heap before
{Heap before GC invocations=14 (full 0):
 garbage-first heap   total 41984K, used 32639K [0x0000000082600000, 0x0000000100000000)
  region size 1024K, 15 young (15360K), 2 survivors (2048K)
 Metaspace       used 51585K, committed 52096K, reserved 1114112K
  class space    used 6697K, committed 6976K, reserved 1048576K
}
Event: 4.763 GC heap after
{Heap after GC invocations=15 (full 0):
 garbage-first heap   total 41984K, used 20533K [0x0000000082600000, 0x0000000100000000)
  region size 1024K, 2 young (2048K), 2 survivors (2048K)
 Metaspace       used 51585K, committed 52096K, reserved 1114112K
  class space    used 6697K, committed 6976K, reserved 1048576K
}
Event: 5.073 GC heap before
{Heap before GC invocations=15 (full 0):
 garbage-first heap   total 41984K, used 32821K [0x0000000082600000, 0x0000000100000000)
  region size 1024K, 14 young (14336K), 2 survivors (2048K)
 Metaspace       used 54247K, committed 54784K, reserved 1114112K
  class space    used 7034K, committed 7296K, reserved 1048576K
}
Event: 5.076 GC heap after
{Heap after GC invocations=16 (full 0):
 garbage-first heap   total 41984K, used 21447K [0x0000000082600000, 0x0000000100000000)
  region size 1024K, 1 young (1024K), 1 survivors (1024K)
 Metaspace       used 54247K, committed 54784K, reserved 1114112K
  class space    used 7034K, committed 7296K, reserved 1048576K
}
Event: 5.521 GC heap before
{Heap before GC invocations=17 (full 0):
 garbage-first heap   total 41984K, used 32711K [0x0000000082600000, 0x0000000100000000)
  region size 1024K, 13 young (13312K), 1 survivors (1024K)
 Metaspace       used 58289K, committed 58816K, reserved 1114112K
  class space    used 7759K, committed 8000K, reserved 1048576K
}
Event: 5.523 GC heap after
{Heap after GC invocations=18 (full 0):
 garbage-first heap   total 41984K, used 22044K [0x0000000082600000, 0x0000000100000000)
  region size 1024K, 2 young (2048K), 2 survivors (2048K)
 Metaspace       used 58289K, committed 58816K, reserved 1114112K
  class space    used 7759K, committed 8000K, reserved 1048576K
}
Event: 5.559 GC heap before
{Heap before GC invocations=18 (full 0):
 garbage-first heap   total 41984K, used 23068K [0x0000000082600000, 0x0000000100000000)
  region size 1024K, 3 young (3072K), 2 survivors (2048K)
 Metaspace       used 58530K, committed 59072K, reserved 1114112K
  class space    used 7812K, committed 8064K, reserved 1048576K
}
Event: 5.562 GC heap after
{Heap after GC invocations=19 (full 0):
 garbage-first heap   total 41984K, used 21880K [0x0000000082600000, 0x0000000100000000)
  region size 1024K, 1 young (1024K), 1 survivors (1024K)
 Metaspace       used 58530K, committed 59072K, reserved 1114112K
  class space    used 7812K, committed 8064K, reserved 1048576K
}
Event: 5.864 GC heap before
{Heap before GC invocations=19 (full 0):
 garbage-first heap   total 41984K, used 32120K [0x0000000082600000, 0x0000000100000000)
  region size 1024K, 11 young (11264K), 1 survivors (1024K)
 Metaspace       used 61069K, committed 61632K, reserved 1114112K
  class space    used 8232K, committed 8512K, reserved 1048576K
}
Event: 5.866 GC heap after
{Heap after GC invocations=20 (full 0):
 garbage-first heap   total 41984K, used 22143K [0x0000000082600000, 0x0000000100000000)
  region size 1024K, 1 young (1024K), 1 survivors (1024K)
 Metaspace       used 61069K, committed 61632K, reserved 1114112K
  class space    used 8232K, committed 8512K, reserved 1048576K
}
Event: 6.145 GC heap before
{Heap before GC invocations=21 (full 0):
 garbage-first heap   total 41984K, used 32383K [0x0000000082600000, 0x0000000100000000)
  region size 1024K, 11 young (11264K), 1 survivors (1024K)
 Metaspace       used 63094K, committed 63616K, reserved 1114112K
  class space    used 8522K, committed 8768K, reserved 1048576K
}

Dll operation events (9 events):
Event: 0.014 Loaded shared library D:\java\Java\sts-4.19.1.RELEASE\plugins\org.eclipse.justj.openjdk.hotspot.jre.full.win32.x86_64_17.0.7.v20230425-1502\jre\bin\java.dll
Event: 0.247 Loaded shared library D:\java\Java\sts-4.19.1.RELEASE\plugins\org.eclipse.justj.openjdk.hotspot.jre.full.win32.x86_64_17.0.7.v20230425-1502\jre\bin\jimage.dll
Event: 0.265 Loaded shared library D:\java\Java\sts-4.19.1.RELEASE\plugins\org.eclipse.justj.openjdk.hotspot.jre.full.win32.x86_64_17.0.7.v20230425-1502\jre\bin\net.dll
Event: 0.267 Loaded shared library D:\java\Java\sts-4.19.1.RELEASE\plugins\org.eclipse.justj.openjdk.hotspot.jre.full.win32.x86_64_17.0.7.v20230425-1502\jre\bin\nio.dll
Event: 0.274 Loaded shared library D:\java\Java\sts-4.19.1.RELEASE\plugins\org.eclipse.justj.openjdk.hotspot.jre.full.win32.x86_64_17.0.7.v20230425-1502\jre\bin\zip.dll
Event: 0.354 Loaded shared library D:\java\Java\sts-4.19.1.RELEASE\plugins\org.eclipse.justj.openjdk.hotspot.jre.full.win32.x86_64_17.0.7.v20230425-1502\jre\bin\management.dll
Event: 0.373 Loaded shared library D:\java\Java\sts-4.19.1.RELEASE\plugins\org.eclipse.justj.openjdk.hotspot.jre.full.win32.x86_64_17.0.7.v20230425-1502\jre\bin\management_ext.dll
Event: 1.914 Loaded shared library D:\java\Java\sts-4.19.1.RELEASE\plugins\org.eclipse.justj.openjdk.hotspot.jre.full.win32.x86_64_17.0.7.v20230425-1502\jre\bin\sunmscapi.dll
Event: 3.670 Loaded shared library D:\java\Java\sts-4.19.1.RELEASE\plugins\org.eclipse.justj.openjdk.hotspot.jre.full.win32.x86_64_17.0.7.v20230425-1502\jre\bin\verify.dll

Deoptimization events (6 events):
Event: 1.549 Thread 0x000001db52fe5c30 DEOPT PACKING pc=0x000001db56c1a219 sp=0x000000a4d61fd700
Event: 1.549 Thread 0x000001db52fe5c30 DEOPT UNPACKING pc=0x000001db566e7143 sp=0x000000a4d61fcbe0 mode 3
Event: 1.878 Thread 0x000001db52fe5c30 DEOPT PACKING pc=0x000001db56ca4855 sp=0x000000a4d61fdd90
Event: 1.878 Thread 0x000001db52fe5c30 DEOPT UNPACKING pc=0x000001db566e7143 sp=0x000000a4d61fd238 mode 3
Event: 3.227 Thread 0x000001db52fe5c30 DEOPT PACKING pc=0x000001db56e829fd sp=0x000000a4d61fca80
Event: 3.227 Thread 0x000001db52fe5c30 DEOPT UNPACKING pc=0x000001db566e7143 sp=0x000000a4d61fbfe8 mode 3

Classes unloaded (0 events):
No events

Classes redefined (0 events):
No events

Internal exceptions (20 events):
Event: 4.627 Thread 0x000001db52fe5c30 Exception <a 'java/lang/NoSuchMethodError'{0x00000000848a9678}: 'java.lang.Object java.lang.invoke.DirectMethodHandle$Holder.invokeStaticInit(java.lang.Object, java.lang.Object, java.lang.Object, java.lang.Object)'> (0x00000000848a9678) 
thrown [s\src\hotspot\share\interpreter\linkResolver.cpp, line 759]
Event: 4.986 Thread 0x000001db658ba9a0 Exception <a 'java/lang/reflect/InvocationTargetException'{0x000000008450c528}> (0x000000008450c528) 
thrown [s\src\hotspot\share\runtime\reflection.cpp, line 1121]
Event: 5.072 Thread 0x000001db52fe5c30 Exception <a 'java/lang/IncompatibleClassChangeError'{0x00000000843f3780}: Found class java.lang.Object, but interface was expected> (0x00000000843f3780) 
thrown [s\src\hotspot\share\interpreter\linkResolver.cpp, line 826]
Event: 5.103 Thread 0x000001db52fe5c30 Exception <a 'java/lang/NoSuchMethodError'{0x000000008a3bdc78}: 'java.lang.Object java.lang.invoke.DirectMethodHandle$Holder.invokeStatic(java.lang.Object, java.lang.Object, int, java.lang.Object)'> (0x000000008a3bdc78) 
thrown [s\src\hotspot\share\interpreter\linkResolver.cpp, line 759]
Event: 5.106 Thread 0x000001db52fe5c30 Exception <a 'java/lang/NoSuchMethodError'{0x000000008a3c1710}: 'java.lang.Object java.lang.invoke.DirectMethodHandle$Holder.invokeStaticInit(java.lang.Object, java.lang.Object, int, java.lang.Object)'> (0x000000008a3c1710) 
thrown [s\src\hotspot\share\interpreter\linkResolver.cpp, line 759]
Event: 5.503 Thread 0x000001db658ba9a0 Exception <a 'java/lang/reflect/InvocationTargetException'{0x00000000843740f8}> (0x00000000843740f8) 
thrown [s\src\hotspot\share\runtime\reflection.cpp, line 1121]
Event: 5.725 Thread 0x000001db52fe5c30 Exception <a 'java/lang/NoSuchMethodError'{0x000000008498cab8}: 'java.lang.Object java.lang.invoke.DirectMethodHandle$Holder.newInvokeSpecial(java.lang.Object, java.lang.Object, java.lang.Object, java.lang.Object, java.lang.Object, java.lang.Object)'> (0x000000008498cab8) 
thrown [s\src\hotspot\share\interpreter\linkResolver.cpp, line 759]
Event: 5.801 Thread 0x000001db52fe5c30 Exception <a 'java/lang/NoSuchMethodError'{0x0000000084653b20}: 'void java.lang.invoke.DirectMethodHandle$Holder.invokeInterface(java.lang.Object, java.lang.Object, int, java.lang.Object)'> (0x0000000084653b20) 
thrown [s\src\hotspot\share\interpreter\linkResolver.cpp, line 759]
Event: 5.805 Thread 0x000001db52fe5c30 Exception <a 'java/lang/NoSuchMethodError'{0x000000008467ade8}: 'java.lang.Object java.lang.invoke.DirectMethodHandle$Holder.newInvokeSpecial(java.lang.Object, java.lang.Object, int, java.lang.Object)'> (0x000000008467ade8) 
thrown [s\src\hotspot\share\interpreter\linkResolver.cpp, line 759]
Event: 5.806 Thread 0x000001db52fe5c30 Exception <a 'java/lang/NoSuchMethodError'{0x000000008467e9b0}: 'java.lang.Object java.lang.invoke.Invokers$Holder.linkToTargetMethod(java.lang.Object, int, java.lang.Object, java.lang.Object)'> (0x000000008467e9b0) 
thrown [s\src\hotspot\share\interpreter\linkResolver.cpp, line 759]
Event: 5.854 Thread 0x000001db52fe5c30 Exception <a 'java/lang/NoSuchMethodError'{0x0000000084476528}: 'int java.lang.invoke.DirectMethodHandle$Holder.invokeStatic(java.lang.Object, int, java.lang.Object)'> (0x0000000084476528) 
thrown [s\src\hotspot\share\interpreter\linkResolver.cpp, line 759]
Event: 5.856 Thread 0x000001db52fe5c30 Exception <a 'java/lang/NoSuchMethodError'{0x00000000844967d0}: 'java.lang.Object java.lang.invoke.DirectMethodHandle$Holder.newInvokeSpecial(java.lang.Object, java.lang.Object, java.lang.Object, java.lang.Object, java.lang.Object, int, java.lang.Object)'> (0x00000000844967d0) 
thrown [s\src\hotspot\share\interpreter\linkResolver.cpp, line 759]
Event: 5.860 Thread 0x000001db52fe5c30 Exception <a 'java/lang/NoSuchMethodError'{0x00000000844cd858}: 'java.lang.Object java.lang.invoke.DirectMethodHandle$Holder.newInvokeSpecial(java.lang.Object, java.lang.Object, java.lang.Object, java.lang.Object, java.lang.Object, java.lang.Object, java.lang.Object, java.lang.Object, java.lang.Object, java.lang.Object, java.lang.Object)'> (0x00000000844cd858) 
thrown [s\src\hotspot\share\interpreter\linkResolver.cpp, line 759]
Event: 5.861 Thread 0x000001db52fe5c30 Exception <a 'java/lang/NoSuchMethodError'{0x00000000844d2568}: 'java.lang.Object java.lang.invoke.DirectMethodHandle$Holder.invokeSpecial(java.lang.Object, java.lang.Object, java.lang.Object, java.lang.Object, java.lang.Object, java.lang.Object, java.lang.Object, java.lang.Object, java.lang.Object, java.lang.Object, java.lang.Object, java.lang.Object)'> (0x00000000844d2568) 
thrown [s\src\hotspot\share\interpreter\linkResolver.cpp, line 759]
Event: 5.861 Thread 0x000001db52fe5c30 Exception <a 'java/lang/NoSuchMethodError'{0x00000000844d6b08}: 'java.lang.Object java.lang.invoke.Invokers$Holder.linkToTargetMethod(java.lang.Object, java.lang.Object, java.lang.Object, java.lang.Object, java.lang.Object, java.lang.Object, java.lang.Object, java.lang.Object, java.lang.Object, java.lang.Object, java.lang.Object)'> (0x00000000844d6b08) 
thrown [s\src\hotspot\share\interpreter\linkResolver.cpp, line 759]
Event: 5.924 Thread 0x000001db52fe5c30 Exception <a 'java/lang/NoSuchMethodError'{0x000000008a2e21d8}: 'java.lang.Object java.lang.invoke.DirectMethodHandle$Holder.newInvokeSpecial(java.lang.Object, java.lang.Object, java.lang.Object, java.lang.Object, java.lang.Object, java.lang.Object, java.lang.Object, int)'> (0x000000008a2e21d8) 
thrown [s\src\hotspot\share\interpreter\linkResolver.cpp, line 759]
Event: 5.924 Thread 0x000001db52fe5c30 Exception <a 'java/lang/NoSuchMethodError'{0x000000008a2e71d0}: 'java.lang.Object java.lang.invoke.DirectMethodHandle$Holder.invokeSpecial(java.lang.Object, java.lang.Object, java.lang.Object, java.lang.Object, java.lang.Object, java.lang.Object, java.lang.Object, java.lang.Object, int)'> (0x000000008a2e71d0) 
thrown [s\src\hotspot\share\interpreter\linkResolver.cpp, line 759]
Event: 5.925 Thread 0x000001db52fe5c30 Exception <a 'java/lang/NoSuchMethodError'{0x000000008a2ebc98}: 'java.lang.Object java.lang.invoke.Invokers$Holder.linkToTargetMethod(java.lang.Object, java.lang.Object, java.lang.Object, java.lang.Object, java.lang.Object, java.lang.Object, int, java.lang.Object)'> (0x000000008a2ebc98) 
thrown [s\src\hotspot\share\interpreter\linkResolver.cpp, line 759]
Event: 5.952 Thread 0x000001db52fe5c30 Exception <a 'java/lang/NoSuchMethodError'{0x000000008a1c2538}: 'void java.lang.invoke.DirectMethodHandle$Holder.invokeInterface(java.lang.Object, java.lang.Object)'> (0x000000008a1c2538) 
thrown [s\src\hotspot\share\interpreter\linkResolver.cpp, line 759]
Event: 6.017 Thread 0x000001db658ba9a0 Exception <a 'java/lang/reflect/InvocationTargetException'{0x0000000084971c50}> (0x0000000084971c50) 
thrown [s\src\hotspot\share\runtime\reflection.cpp, line 1121]

VM Operations (20 events):
Event: 4.763 Executing VM operation: G1CollectForAllocation done
Event: 5.073 Executing VM operation: G1CollectForAllocation
Event: 5.076 Executing VM operation: G1CollectForAllocation done
Event: 5.103 Executing VM operation: G1Concurrent
Event: 5.106 Executing VM operation: G1Concurrent done
Event: 5.119 Executing VM operation: G1Concurrent
Event: 5.119 Executing VM operation: G1Concurrent done
Event: 5.521 Executing VM operation: G1CollectForAllocation
Event: 5.523 Executing VM operation: G1CollectForAllocation done
Event: 5.559 Executing VM operation: G1CollectForAllocation
Event: 5.562 Executing VM operation: G1CollectForAllocation done
Event: 5.864 Executing VM operation: G1CollectForAllocation
Event: 5.866 Executing VM operation: G1CollectForAllocation done
Event: 5.889 Executing VM operation: G1Concurrent
Event: 5.892 Executing VM operation: G1Concurrent done
Event: 5.903 Executing VM operation: G1Concurrent
Event: 5.904 Executing VM operation: G1Concurrent done
Event: 6.066 Executing VM operation: HandshakeAllThreads
Event: 6.066 Executing VM operation: HandshakeAllThreads done
Event: 6.145 Executing VM operation: G1CollectForAllocation

Events (20 events):
Event: 4.992 loading class java/util/concurrent/CompletableFuture$AltResult
Event: 4.992 loading class java/util/concurrent/CompletableFuture$AltResult done
Event: 4.993 loading class java/util/concurrent/CompletableFuture$Completion
Event: 4.993 loading class java/util/concurrent/CompletableFuture$AsynchronousCompletionTask
Event: 4.993 loading class java/util/concurrent/CompletableFuture$AsynchronousCompletionTask done
Event: 4.993 loading class java/util/concurrent/ForkJoinTask
Event: 4.994 loading class java/util/concurrent/ForkJoinTask done
Event: 4.994 loading class java/util/concurrent/CompletableFuture$Completion done
Event: 5.063 loading class java/util/concurrent/CancellationException
Event: 5.063 loading class java/util/concurrent/CancellationException done
Event: 5.658 loading class java/lang/reflect/AnnotatedArrayType
Event: 5.658 loading class java/lang/reflect/AnnotatedArrayType done
Event: 5.784 loading class jdk/internal/reflect/UnsafeObjectFieldAccessorImpl
Event: 5.784 loading class jdk/internal/reflect/UnsafeObjectFieldAccessorImpl done
Event: 6.092 loading class javax/naming/Reference
Event: 6.092 loading class javax/naming/Reference done
Event: 6.117 loading class java/lang/SafeVarargs
Event: 6.117 loading class java/lang/SafeVarargs done
Event: 6.120 loading class sun/reflect/generics/reflectiveObjects/GenericArrayTypeImpl
Event: 6.120 loading class sun/reflect/generics/reflectiveObjects/GenericArrayTypeImpl done


Dynamic libraries:
0x00007ff742210000 - 0x00007ff74221e000 	D:\java\Java\sts-4.19.1.RELEASE\plugins\org.eclipse.justj.openjdk.hotspot.jre.full.win32.x86_64_17.0.7.v20230425-1502\jre\bin\javaw.exe
0x00007ffe91570000 - 0x00007ffe91787000 	C:\WINDOWS\SYSTEM32\ntdll.dll
0x00007ffe903f0000 - 0x00007ffe904b4000 	C:\WINDOWS\System32\KERNEL32.DLL
0x00007ffe8ed30000 - 0x00007ffe8f0d6000 	C:\WINDOWS\System32\KERNELBASE.dll
0x00007ffe8f0e0000 - 0x00007ffe8f1f1000 	C:\WINDOWS\System32\ucrtbase.dll
0x00007ffe7be10000 - 0x00007ffe7be29000 	D:\java\Java\sts-4.19.1.RELEASE\plugins\org.eclipse.justj.openjdk.hotspot.jre.full.win32.x86_64_17.0.7.v20230425-1502\jre\bin\VCRUNTIME140.dll
0x00007ffe7bdf0000 - 0x00007ffe7be07000 	D:\java\Java\sts-4.19.1.RELEASE\plugins\org.eclipse.justj.openjdk.hotspot.jre.full.win32.x86_64_17.0.7.v20230425-1502\jre\bin\jli.dll
0x00007ffe91380000 - 0x00007ffe9152e000 	C:\WINDOWS\System32\USER32.dll
0x00007ffe8ed00000 - 0x00007ffe8ed26000 	C:\WINDOWS\System32\win32u.dll
0x00007ffe7cb80000 - 0x00007ffe7ce13000 	C:\WINDOWS\WinSxS\amd64_microsoft.windows.common-controls_6595b64144ccf1df_6.0.22621.2506_none_270c5ae97388e100\COMCTL32.dll
0x00007ffe8fc10000 - 0x00007ffe8fcb7000 	C:\WINDOWS\System32\msvcrt.dll
0x00007ffe8fdd0000 - 0x00007ffe8fdf9000 	C:\WINDOWS\System32\GDI32.dll
0x00007ffe8eb40000 - 0x00007ffe8ec58000 	C:\WINDOWS\System32\gdi32full.dll
0x00007ffe8ec60000 - 0x00007ffe8ecfa000 	C:\WINDOWS\System32\msvcp_win.dll
0x00007ffe8f2d0000 - 0x00007ffe8f301000 	C:\WINDOWS\System32\IMM32.DLL
0x00007ffe899d0000 - 0x00007ffe899dc000 	D:\java\Java\sts-4.19.1.RELEASE\plugins\org.eclipse.justj.openjdk.hotspot.jre.full.win32.x86_64_17.0.7.v20230425-1502\jre\bin\vcruntime140_1.dll
0x00007ffe2dd00000 - 0x00007ffe2dd91000 	D:\java\Java\sts-4.19.1.RELEASE\plugins\org.eclipse.justj.openjdk.hotspot.jre.full.win32.x86_64_17.0.7.v20230425-1502\jre\bin\msvcp140.dll
0x00007ffe29d60000 - 0x00007ffe2a9a8000 	D:\java\Java\sts-4.19.1.RELEASE\plugins\org.eclipse.justj.openjdk.hotspot.jre.full.win32.x86_64_17.0.7.v20230425-1502\jre\bin\server\jvm.dll
0x00007ffe90550000 - 0x00007ffe90601000 	C:\WINDOWS\System32\ADVAPI32.dll
0x00007ffe90320000 - 0x00007ffe903c5000 	C:\WINDOWS\System32\sechost.dll
0x00007ffe91210000 - 0x00007ffe91327000 	C:\WINDOWS\System32\RPCRT4.dll
0x00007ffe87500000 - 0x00007ffe87534000 	C:\WINDOWS\SYSTEM32\WINMM.dll
0x00007ffe7b6f0000 - 0x00007ffe7b6f9000 	C:\WINDOWS\SYSTEM32\WSOCK32.dll
0x00007ffe848f0000 - 0x00007ffe848fa000 	C:\WINDOWS\SYSTEM32\VERSION.dll
0x00007ffe901f0000 - 0x00007ffe90261000 	C:\WINDOWS\System32\WS2_32.dll
0x00007ffe8d8a0000 - 0x00007ffe8d8b8000 	C:\WINDOWS\SYSTEM32\kernel.appcore.dll
0x00007ffe7ad20000 - 0x00007ffe7ad2a000 	D:\java\Java\sts-4.19.1.RELEASE\plugins\org.eclipse.justj.openjdk.hotspot.jre.full.win32.x86_64_17.0.7.v20230425-1502\jre\bin\jimage.dll
0x00007ffe8c190000 - 0x00007ffe8c3c3000 	C:\WINDOWS\SYSTEM32\DBGHELP.DLL
0x00007ffe90a00000 - 0x00007ffe90d89000 	C:\WINDOWS\System32\combase.dll
0x00007ffe907d0000 - 0x00007ffe908a7000 	C:\WINDOWS\System32\OLEAUT32.dll
0x00007ffe7b6b0000 - 0x00007ffe7b6e2000 	C:\WINDOWS\SYSTEM32\dbgcore.DLL
0x00007ffe8ea50000 - 0x00007ffe8eaca000 	C:\WINDOWS\System32\bcryptPrimitives.dll
0x00007ffe6a480000 - 0x00007ffe6a4a5000 	D:\java\Java\sts-4.19.1.RELEASE\plugins\org.eclipse.justj.openjdk.hotspot.jre.full.win32.x86_64_17.0.7.v20230425-1502\jre\bin\java.dll
0x00007ffe6a460000 - 0x00007ffe6a478000 	D:\java\Java\sts-4.19.1.RELEASE\plugins\org.eclipse.justj.openjdk.hotspot.jre.full.win32.x86_64_17.0.7.v20230425-1502\jre\bin\zip.dll
0x00007ffe8f320000 - 0x00007ffe8fb7a000 	C:\WINDOWS\System32\SHELL32.dll
0x00007ffe8c7b0000 - 0x00007ffe8d0a6000 	C:\WINDOWS\SYSTEM32\windows.storage.dll
0x00007ffe8c670000 - 0x00007ffe8c7ae000 	C:\WINDOWS\SYSTEM32\wintypes.dll
0x00007ffe8fcd0000 - 0x00007ffe8fdc3000 	C:\WINDOWS\System32\SHCORE.dll
0x00007ffe908b0000 - 0x00007ffe9090e000 	C:\WINDOWS\System32\shlwapi.dll
0x00007ffe8e810000 - 0x00007ffe8e836000 	C:\WINDOWS\SYSTEM32\profapi.dll
0x00007ffe6a440000 - 0x00007ffe6a459000 	D:\java\Java\sts-4.19.1.RELEASE\plugins\org.eclipse.justj.openjdk.hotspot.jre.full.win32.x86_64_17.0.7.v20230425-1502\jre\bin\net.dll
0x00007ffe87840000 - 0x00007ffe87977000 	C:\WINDOWS\SYSTEM32\WINHTTP.dll
0x00007ffe8dd20000 - 0x00007ffe8dd89000 	C:\WINDOWS\system32\mswsock.dll
0x00007ffe6a420000 - 0x00007ffe6a435000 	D:\java\Java\sts-4.19.1.RELEASE\plugins\org.eclipse.justj.openjdk.hotspot.jre.full.win32.x86_64_17.0.7.v20230425-1502\jre\bin\nio.dll
0x00007ffe785f0000 - 0x00007ffe785f9000 	D:\java\Java\sts-4.19.1.RELEASE\plugins\org.eclipse.justj.openjdk.hotspot.jre.full.win32.x86_64_17.0.7.v20230425-1502\jre\bin\management.dll
0x00007ffe783b0000 - 0x00007ffe783bb000 	D:\java\Java\sts-4.19.1.RELEASE\plugins\org.eclipse.justj.openjdk.hotspot.jre.full.win32.x86_64_17.0.7.v20230425-1502\jre\bin\management_ext.dll
0x00007ffe90910000 - 0x00007ffe90918000 	C:\WINDOWS\System32\PSAPI.DLL
0x00007ffe76870000 - 0x00007ffe76887000 	C:\WINDOWS\system32\napinsp.dll
0x00007ffe76850000 - 0x00007ffe7686b000 	C:\WINDOWS\system32\pnrpnsp.dll
0x00007ffe8d380000 - 0x00007ffe8d479000 	C:\WINDOWS\SYSTEM32\DNSAPI.dll
0x00007ffe8d310000 - 0x00007ffe8d33d000 	C:\WINDOWS\SYSTEM32\IPHLPAPI.DLL
0x00007ffe8f310000 - 0x00007ffe8f319000 	C:\WINDOWS\System32\NSI.dll
0x00007ffe76830000 - 0x00007ffe76841000 	C:\WINDOWS\System32\winrnr.dll
0x00007ffe76810000 - 0x00007ffe76825000 	C:\WINDOWS\system32\wshbth.dll
0x00007ffe74fa0000 - 0x00007ffe74fc1000 	C:\WINDOWS\system32\nlansp_c.dll
0x00007ffe845a0000 - 0x00007ffe845aa000 	C:\Windows\System32\rasadhlp.dll
0x00007ffe86bd0000 - 0x00007ffe86c53000 	C:\WINDOWS\System32\fwpuclnt.dll
0x00007ffe8df40000 - 0x00007ffe8df5b000 	C:\WINDOWS\SYSTEM32\CRYPTSP.dll
0x00007ffe8d800000 - 0x00007ffe8d835000 	C:\WINDOWS\system32\rsaenh.dll
0x00007ffe8dde0000 - 0x00007ffe8de0c000 	C:\WINDOWS\SYSTEM32\USERENV.dll
0x00007ffe8e180000 - 0x00007ffe8e1a8000 	C:\WINDOWS\SYSTEM32\bcrypt.dll
0x00007ffe8df60000 - 0x00007ffe8df6c000 	C:\WINDOWS\SYSTEM32\CRYPTBASE.dll
0x00007ffe87d20000 - 0x00007ffe87d39000 	C:\WINDOWS\SYSTEM32\dhcpcsvc6.DLL
0x00007ffe877f0000 - 0x00007ffe8780f000 	C:\WINDOWS\SYSTEM32\dhcpcsvc.DLL
0x00007ffe794d0000 - 0x00007ffe794de000 	D:\java\Java\sts-4.19.1.RELEASE\plugins\org.eclipse.justj.openjdk.hotspot.jre.full.win32.x86_64_17.0.7.v20230425-1502\jre\bin\sunmscapi.dll
0x00007ffe8e8e0000 - 0x00007ffe8ea46000 	C:\WINDOWS\System32\CRYPT32.dll
0x00007ffe8e150000 - 0x00007ffe8e17d000 	C:\WINDOWS\SYSTEM32\ncrypt.dll
0x00007ffe8e110000 - 0x00007ffe8e147000 	C:\WINDOWS\SYSTEM32\NTASN1.dll
0x00007ffe79b10000 - 0x00007ffe79b20000 	D:\java\Java\sts-4.19.1.RELEASE\plugins\org.eclipse.justj.openjdk.hotspot.jre.full.win32.x86_64_17.0.7.v20230425-1502\jre\bin\verify.dll

dbghelp: loaded successfully - version: 4.0.5 - missing functions: none
symbol engine: initialized successfully - sym options: 0x614 - pdb path: .;D:\java\Java\sts-4.19.1.RELEASE\plugins\org.eclipse.justj.openjdk.hotspot.jre.full.win32.x86_64_17.0.7.v20230425-1502\jre\bin;C:\WINDOWS\SYSTEM32;C:\WINDOWS\WinSxS\amd64_microsoft.windows.common-controls_6595b64144ccf1df_6.0.22621.2506_none_270c5ae97388e100;D:\java\Java\sts-4.19.1.RELEASE\plugins\org.eclipse.justj.openjdk.hotspot.jre.full.win32.x86_64_17.0.7.v20230425-1502\jre\bin\server

VM Arguments:
jvm_args: -Dcom.sun.management.jmxremote -Dcom.sun.management.jmxremote.port=55574 -Dcom.sun.management.jmxremote.authenticate=false -Dcom.sun.management.jmxremote.ssl=false -Djava.rmi.server.hostname=localhost -Dspring.jmx.enabled=true -Dmanagement.endpoints.jmx.exposure.include=* -Dspring.application.admin.enabled=true -XX:TieredStopAtLevel=1 -Dspring.boot.project.name=TestImageSeach -Dfile.encoding=UTF-8 -XX:+ShowCodeDetailsInExceptionMessages 
java_command: com.testimagesearch.demo.TestImageSearchApplication --spring.output.ansi.enabled=always
java_class_path (initial): D:\Python\TestImageSearch\SpringBoot\target\classes;C:\Users\DELL\.m2\repository\org\springframework\boot\spring-boot-starter-data-jpa\3.2.0\spring-boot-starter-data-jpa-3.2.0.jar;C:\Users\DELL\.m2\repository\org\springframework\boot\spring-boot-starter-aop\3.2.0\spring-boot-starter-aop-3.2.0.jar;C:\Users\DELL\.m2\repository\org\springframework\spring-aop\6.1.1\spring-aop-6.1.1.jar;C:\Users\DELL\.m2\repository\org\aspectj\aspectjweaver\1.9.20.1\aspectjweaver-1.9.20.1.jar;C:\Users\DELL\.m2\repository\org\springframework\boot\spring-boot-starter-jdbc\3.2.0\spring-boot-starter-jdbc-3.2.0.jar;C:\Users\DELL\.m2\repository\com\zaxxer\HikariCP\5.0.1\HikariCP-5.0.1.jar;C:\Users\DELL\.m2\repository\org\springframework\spring-jdbc\6.1.1\spring-jdbc-6.1.1.jar;C:\Users\DELL\.m2\repository\org\hibernate\orm\hibernate-core\6.3.1.Final\hibernate-core-6.3.1.Final.jar;C:\Users\DELL\.m2\repository\jakarta\persistence\jakarta.persistence-api\3.1.0\jakarta.persistence-api-3.1.0.jar;C:\Users\DELL\.m2\repository\jakarta\transaction\jakarta.transaction-api\2.0.1\jakarta.transaction-api-2.0.1.jar;C:\Users\DELL\.m2\repository\org\jboss\logging\jboss-logging\3.5.3.Final\jboss-logging-3.5.3.Final.jar;C:\Users\DELL\.m2\repository\org\hibernate\common\hibernate-commons-annotations\6.0.6.Final\hibernate-commons-annotations-6.0.6.Final.jar;C:\Users\DELL\.m2\repository\io\smallrye\jandex\3.1.2\jandex-3.1.2.jar;C:\Users\DELL\.m2\repository\com\fasterxml\classmate\1.6.0\classmate-1.6.0.jar;C:\Users\DELL\.m2\repository\net\bytebuddy\byte-buddy\1.14.10\byte-buddy-1.14.10.jar;C:\Users\DELL\.m2\repository\org\glassfish\jaxb\jaxb-runtime\4.0.4\jaxb-runtime-4.0.4.jar;C:\Users\DELL\.m2\repository\org\glassfish\jaxb\jaxb-core\4.0.4\jaxb-core-4.0.4.jar;C:\Users\DELL\.m2\repository\org\eclipse\angus\angus-activation\2.0.1\angus-activation-2.0.1.jar;C:\Users\DELL\.m2\repository\org\glassfish\jaxb\txw2\4.0.4\txw2-4.0.4.jar;C:\Users\DELL\.m2\repository\com\sun\istack\istack-commons-r
Launcher Type: SUN_STANDARD

[Global flags]
     intx CICompilerCount                          = 4                                         {product} {ergonomic}
     uint ConcGCThreads                            = 2                                         {product} {ergonomic}
     uint G1ConcRefinementThreads                  = 8                                         {product} {ergonomic}
   size_t G1HeapRegionSize                         = 1048576                                   {product} {ergonomic}
    uintx GCDrainStackTargetSize                   = 64                                        {product} {ergonomic}
   size_t InitialHeapSize                          = 132120576                                 {product} {ergonomic}
     bool ManagementServer                         = true                                      {product} {command line}
   size_t MarkStackSize                            = 4194304                                   {product} {ergonomic}
   size_t MaxHeapSize                              = 2107637760                                {product} {ergonomic}
   size_t MaxNewSize                               = 1264582656                                {product} {ergonomic}
   size_t MinHeapDeltaBytes                        = 1048576                                   {product} {ergonomic}
   size_t MinHeapSize                              = 8388608                                   {product} {ergonomic}
    uintx NonProfiledCodeHeapSize                  = 0                                      {pd product} {ergonomic}
     bool ProfileInterpreter                       = false                                  {pd product} {command line}
    uintx ProfiledCodeHeapSize                     = 0                                      {pd product} {ergonomic}
     bool ShowCodeDetailsInExceptionMessages       = true                                   {manageable} {command line}
   size_t SoftMaxHeapSize                          = 2107637760                             {manageable} {ergonomic}
     intx TieredStopAtLevel                        = 1                                         {product} {command line}
     bool UseCompressedClassPointers               = true                           {product lp64_product} {ergonomic}
     bool UseCompressedOops                        = true                           {product lp64_product} {ergonomic}
     bool UseG1GC                                  = true                                      {product} {ergonomic}
     bool UseLargePagesIndividualAllocation        = false                                  {pd product} {ergonomic}

Logging:
Log output configuration:
 #0: stdout all=warning uptime,level,tags
 #1: stderr all=off uptime,level,tags

Environment Variables:
PATH=D:/java/Java/sts-4.19.1.RELEASE//plugins/org.eclipse.justj.openjdk.hotspot.jre.full.win32.x86_64_17.0.7.v20230425-1502/jre/bin/server;D:/java/Java/sts-4.19.1.RELEASE//plugins/org.eclipse.justj.openjdk.hotspot.jre.full.win32.x86_64_17.0.7.v20230425-1502/jre/bin;C:\Python311\Scripts\;C:\Python311\;C:\Program Files\Common Files\Oracle\Java\javapath;C:\Program Files (x86)\VMware\VMware Workstation\bin\;C:\WINDOWS\system32;C:\WINDOWS;C:\WINDOWS\System32\Wbem;C:\WINDOWS\System32\WindowsPowerShell\v1.0\;C:\WINDOWS\System32\OpenSSH\;C:\Program Files (x86)\Microsoft ASP.NET\ASP.NET Web Pages\v1.0\;C:\Program Files\Microsoft SQL Server\110\Tools\Binn\;C:\WINDOWS\system32;C:\WINDOWS;C:\WINDOWS\System32\Wbem;C:\WINDOWS\System32\WindowsPowerShell\v1.0\;C:\WINDOWS\System32\OpenSSH\;C:\Program Files (x86)\Microsoft SQL Server\110\DTS\Binn\;C:\Program Files (x86)\Microsoft SQL Server\110\Tools\Binn\;C:\Program Files (x86)\Microsoft SQL Server\110\Tools\Binn\ManagementStudio\;C:\Program Files (x86)\Microsoft Visual Studio 10.0\Common7\IDE\PrivateAssemblies\;D:\xampp\php;C:\composer;C:\Program Files\Microsoft SQL Server\130\Tools\Binn\;C:\Program Files\Microsoft SQL Server\Client SDK\ODBC\170\Tools\Binn\;C:\Program Files\dotnet\;C:\Program Files\nodejs\;C:\ProgramData\chocolatey\bin;C:\Program Files\Git\cmd;C:\Users\DELL\AppData\Local\Microsoft\WindowsApps;D:\Microsoft VS Code\bin;C:\Users\DELL\AppData\Roaming\Composer\vendor\bin;C:\Users\DELL\.dotnet\tools;C:\Users\DELL\AppData\Roaming\npm;D:\java\Java\sts-4.19.1.RELEASE;
USERNAME=DELL
OS=Windows_NT
PROCESSOR_IDENTIFIER=Intel64 Family 6 Model 142 Stepping 12, GenuineIntel
TMP=C:\Users\DELL\AppData\Local\Temp
TEMP=C:\Users\DELL\AppData\Local\Temp



---------------  S Y S T E M  ---------------

OS:
 Windows 11 , 64 bit Build 22621 (10.0.22621.2506)
OS uptime: 4 days 0:51 hours
Hyper-V role detected

CPU: total 8 (initial active 8) (4 cores per cpu, 2 threads per core) family 6 model 142 stepping 12 microcode 0xf8, cx8, cmov, fxsr, ht, mmx, 3dnowpref, sse, sse2, sse3, ssse3, sse4.1, sse4.2, popcnt, lzcnt, tsc, tscinvbit, avx, avx2, aes, erms, clmul, bmi1, bmi2, adx, fma, vzeroupper, clflush, clflushopt, hv

Memory: 4k page, system-wide physical 8039M (379M free)
TotalPageFile size 13039M (AvailPageFile size 9M)
current process WorkingSet (physical memory assigned to process): 175M, peak: 175M
current process commit charge ("private bytes"): 206M, peak: 229M

vm_info: OpenJDK 64-Bit Server VM (17.0.7+7) for windows-amd64 JRE (17.0.7+7), built on Apr 18 2023 22:10:42 by "temurin" with MS VC++ 16.7 (VS2019)

END.
